2024-05-11 16:17:35.507 [http-nio-8080-exec-9] DEBUG com.neu.vansven.mapper.UserMapper.selectList - ==>  Preparing: SELECT id,user_name,user_account,avatar_url,gender,password,phone,email,create_time,update_time,is_delete,user_role,tags FROM user WHERE is_delete=0 AND (user_account = ? AND password = ?)
2024-05-11 16:17:35.526 [http-nio-8080-exec-9] DEBUG com.neu.vansven.mapper.UserMapper.selectList - ==> Parameters: vansven_xxxxAi_3(String), e76e4de78f5d664c9fb051acb743c92f(String)
2024-05-11 16:17:35.800 [http-nio-8080-exec-9] DEBUG com.neu.vansven.mapper.UserMapper.selectList - <==      Total: 1
2024-05-11 16:17:40.481 [http-nio-8080-exec-10] DEBUG c.neu.vansven.mapper.UserMapper.selectPage_mpCount - ==>  Preparing: SELECT COUNT(*) AS total FROM user WHERE is_delete = 0
2024-05-11 16:17:40.482 [http-nio-8080-exec-10] DEBUG c.neu.vansven.mapper.UserMapper.selectPage_mpCount - ==> Parameters: 
2024-05-11 16:17:40.628 [http-nio-8080-exec-10] DEBUG c.neu.vansven.mapper.UserMapper.selectPage_mpCount - <==      Total: 1
2024-05-11 16:17:40.635 [http-nio-8080-exec-10] DEBUG com.neu.vansven.mapper.UserMapper.selectPage - ==>  Preparing: SELECT id,user_name,user_account,avatar_url,gender,password,phone,email,create_time,update_time,is_delete,user_role,tags FROM user WHERE is_delete=0 LIMIT ?
2024-05-11 16:17:40.636 [http-nio-8080-exec-10] DEBUG com.neu.vansven.mapper.UserMapper.selectPage - ==> Parameters: 20(Long)
2024-05-11 16:17:40.644 [http-nio-8080-exec-10] DEBUG com.neu.vansven.mapper.UserMapper.selectPage - <==      Total: 20
2024-05-11 16:19:27.889 [http-nio-8080-exec-3] DEBUG c.neu.vansven.mapper.UserMapper.selectPage_mpCount - ==>  Preparing: SELECT COUNT(*) AS total FROM user WHERE is_delete = 0
2024-05-11 16:19:27.889 [http-nio-8080-exec-3] DEBUG c.neu.vansven.mapper.UserMapper.selectPage_mpCount - ==> Parameters: 
2024-05-11 16:19:28.032 [http-nio-8080-exec-3] DEBUG c.neu.vansven.mapper.UserMapper.selectPage_mpCount - <==      Total: 1
2024-05-11 16:19:28.033 [http-nio-8080-exec-3] DEBUG com.neu.vansven.mapper.UserMapper.selectPage - ==>  Preparing: SELECT id,user_name,user_account,avatar_url,gender,password,phone,email,create_time,update_time,is_delete,user_role,tags FROM user WHERE is_delete=0 LIMIT ?
2024-05-11 16:19:28.033 [http-nio-8080-exec-3] DEBUG com.neu.vansven.mapper.UserMapper.selectPage - ==> Parameters: 20(Long)
2024-05-11 16:19:28.037 [http-nio-8080-exec-3] DEBUG com.neu.vansven.mapper.UserMapper.selectPage - <==      Total: 20
2024-05-11 16:20:32.413 [http-nio-8080-exec-2] DEBUG c.neu.vansven.mapper.UserMapper.selectPage_mpCount - ==>  Preparing: SELECT COUNT(*) AS total FROM user WHERE is_delete = 0
2024-05-11 16:20:32.413 [http-nio-8080-exec-2] DEBUG c.neu.vansven.mapper.UserMapper.selectPage_mpCount - ==> Parameters: 
2024-05-11 16:20:32.539 [http-nio-8080-exec-2] DEBUG c.neu.vansven.mapper.UserMapper.selectPage_mpCount - <==      Total: 1
2024-05-11 16:20:32.540 [http-nio-8080-exec-2] DEBUG com.neu.vansven.mapper.UserMapper.selectPage - ==>  Preparing: SELECT id,user_name,user_account,avatar_url,gender,password,phone,email,create_time,update_time,is_delete,user_role,tags FROM user WHERE is_delete=0 LIMIT ?
2024-05-11 16:20:32.540 [http-nio-8080-exec-2] DEBUG com.neu.vansven.mapper.UserMapper.selectPage - ==> Parameters: 100(Long)
2024-05-11 16:20:32.550 [http-nio-8080-exec-2] DEBUG com.neu.vansven.mapper.UserMapper.selectPage - <==      Total: 100
