2024-05-11 16:15:51.664 [main] DEBUG reactor.util.Loggers - Using Slf4j logging framework
2024-05-11 16:15:51.676 [main] DEBUG reactor.core.publisher.Hooks - Enabling stacktrace debugging via onOperatorDebug
2024-05-11 16:15:52.340 [Thread-1] DEBUG o.s.b.d.restart.classloader.RestartClassLoader - Created RestartClassLoader org.springframework.boot.devtools.restart.classloader.RestartClassLoader@7ce51786
2024-05-11 16:15:52.697 [restartedMain] INFO  com.neu.vansven.PartnerMatchingSystemApplication - Starting PartnerMatchingSystemApplication using Java 1.8.0_401 on LAPTOP-6U4DTETG with PID 24592 (D:\后端学习项目\partner_matching_system\target\classes started by vansven in D:\后端学习项目\partner_matching_system)
2024-05-11 16:15:52.698 [restartedMain] INFO  com.neu.vansven.PartnerMatchingSystemApplication - The following 1 profile is active: "test"
2024-05-11 16:15:52.775 [restartedMain] INFO  o.s.b.d.env.DevToolsPropertyDefaultsPostProcessor - Devtools property defaults active! Set 'spring.devtools.add-properties' to 'false' to disable
2024-05-11 16:15:52.775 [restartedMain] INFO  o.s.b.d.env.DevToolsPropertyDefaultsPostProcessor - For additional web related logging consider setting the 'logging.level.web' property to 'DEBUG'
2024-05-11 16:15:53.842 [restartedMain] INFO  o.s.d.r.config.RepositoryConfigurationDelegate - Multiple Spring Data modules found, entering strict repository configuration mode
2024-05-11 16:15:53.846 [restartedMain] INFO  o.s.d.r.config.RepositoryConfigurationDelegate - Bootstrapping Spring Data Redis repositories in DEFAULT mode.
2024-05-11 16:15:53.890 [restartedMain] INFO  o.s.d.r.config.RepositoryConfigurationDelegate - Finished Spring Data repository scanning in 13 ms. Found 0 Redis repository interfaces.
2024-05-11 16:15:54.794 [restartedMain] INFO  o.s.boot.web.embedded.tomcat.TomcatWebServer - Tomcat initialized with port(s): 8080 (http)
2024-05-11 16:15:54.795 [restartedMain] INFO  org.apache.catalina.core.AprLifecycleListener - Loaded Apache Tomcat Native library [2.0.4] using APR version [1.7.4].
2024-05-11 16:15:54.796 [restartedMain] INFO  org.apache.catalina.core.AprLifecycleListener - APR capabilities: IPv6 [true], sendfile [true], accept filters [false], random [true], UDS [true].
2024-05-11 16:15:54.796 [restartedMain] INFO  org.apache.catalina.core.AprLifecycleListener - APR/OpenSSL configuration: useAprConnector [false], useOpenSSL [true]
2024-05-11 16:15:54.815 [restartedMain] INFO  org.apache.catalina.core.AprLifecycleListener - OpenSSL successfully initialized [OpenSSL 3.0.9 30 May 2023]
2024-05-11 16:15:54.824 [restartedMain] INFO  org.apache.catalina.core.StandardService - Starting service [Tomcat]
2024-05-11 16:15:54.824 [restartedMain] INFO  org.apache.catalina.core.StandardEngine - Starting Servlet engine: [Apache Tomcat/9.0.69]
2024-05-11 16:15:54.894 [restartedMain] INFO  o.a.c.c.C.[Tomcat].[localhost].[/vansven] - Initializing Spring embedded WebApplicationContext
2024-05-11 16:15:54.894 [restartedMain] INFO  o.s.b.w.s.c.ServletWebServerApplicationContext - Root WebApplicationContext: initialization completed in 2119 ms
2024-05-11 16:15:56.648 [restartedMain] INFO  org.redisson.Version - Redisson 3.10.1
2024-05-11 16:15:57.131 [redisson-netty-4-13] INFO  org.redisson.connection.pool.MasterConnectionPool - 32 connections initialized for 192.168.62.128/192.168.62.128:6379
2024-05-11 16:15:57.131 [redisson-netty-4-12] INFO  o.r.connection.pool.MasterPubSubConnectionPool - 1 connections initialized for 192.168.62.128/192.168.62.128:6379
2024-05-11 16:15:57.834 [restartedMain] INFO  o.s.b.d.autoconfigure.OptionalLiveReloadServer - LiveReload server is running on port 35729
2024-05-11 16:15:58.114 [restartedMain] INFO  o.s.boot.web.embedded.tomcat.TomcatWebServer - Tomcat started on port(s): 8080 (http) with context path '/vansven'
2024-05-11 16:15:58.336 [restartedMain] INFO  o.s.s.a.ScheduledAnnotationBeanPostProcessor - No TaskScheduler/ScheduledExecutorService bean found for scheduled processing
2024-05-11 16:15:58.345 [restartedMain] INFO  com.neu.vansven.PartnerMatchingSystemApplication - Started PartnerMatchingSystemApplication in 5.998 seconds (JVM running for 7.973)
2024-05-11 16:16:00.137 [http-nio-8080-exec-1] INFO  o.a.c.c.C.[Tomcat].[localhost].[/vansven] - Initializing Spring DispatcherServlet 'dispatcherServlet'
2024-05-11 16:16:00.137 [http-nio-8080-exec-1] INFO  org.springframework.web.servlet.DispatcherServlet - Initializing Servlet 'dispatcherServlet'
2024-05-11 16:16:00.139 [http-nio-8080-exec-1] INFO  org.springframework.web.servlet.DispatcherServlet - Completed initialization in 2 ms
2024-05-11 16:16:45.182 [http-nio-8080-exec-8] ERROR c.n.v.controller.exceptionhandler.GlobalException - businessException：权限异常
2024-05-11 16:16:45.211 [http-nio-8080-exec-8] WARN  o.s.w.s.m.m.a.ExceptionHandlerExceptionResolver - Resolved [com.neu.vansven.controller.projectexception.BusinessException: 权限异常]
2024-05-11 16:17:34.831 [http-nio-8080-exec-9] INFO  com.zaxxer.hikari.HikariDataSource - HikariPool-1 - Starting...
2024-05-11 16:17:35.502 [http-nio-8080-exec-9] INFO  com.zaxxer.hikari.HikariDataSource - HikariPool-1 - Start completed.
2024-05-11 16:17:35.507 [http-nio-8080-exec-9] DEBUG com.neu.vansven.mapper.UserMapper.selectList - ==>  Preparing: SELECT id,user_name,user_account,avatar_url,gender,password,phone,email,create_time,update_time,is_delete,user_role,tags FROM user WHERE is_delete=0 AND (user_account = ? AND password = ?)
2024-05-11 16:17:35.526 [http-nio-8080-exec-9] DEBUG com.neu.vansven.mapper.UserMapper.selectList - ==> Parameters: vansven_xxxxAi_3(String), e76e4de78f5d664c9fb051acb743c92f(String)
2024-05-11 16:17:35.800 [http-nio-8080-exec-9] DEBUG com.neu.vansven.mapper.UserMapper.selectList - <==      Total: 1
2024-05-11 16:17:40.481 [http-nio-8080-exec-10] DEBUG c.neu.vansven.mapper.UserMapper.selectPage_mpCount - ==>  Preparing: SELECT COUNT(*) AS total FROM user WHERE is_delete = 0
2024-05-11 16:17:40.482 [http-nio-8080-exec-10] DEBUG c.neu.vansven.mapper.UserMapper.selectPage_mpCount - ==> Parameters: 
2024-05-11 16:17:40.628 [http-nio-8080-exec-10] DEBUG c.neu.vansven.mapper.UserMapper.selectPage_mpCount - <==      Total: 1
2024-05-11 16:17:40.635 [http-nio-8080-exec-10] DEBUG com.neu.vansven.mapper.UserMapper.selectPage - ==>  Preparing: SELECT id,user_name,user_account,avatar_url,gender,password,phone,email,create_time,update_time,is_delete,user_role,tags FROM user WHERE is_delete=0 LIMIT ?
2024-05-11 16:17:40.636 [http-nio-8080-exec-10] DEBUG com.neu.vansven.mapper.UserMapper.selectPage - ==> Parameters: 20(Long)
2024-05-11 16:17:40.644 [http-nio-8080-exec-10] DEBUG com.neu.vansven.mapper.UserMapper.selectPage - <==      Total: 20
2024-05-11 16:19:27.889 [http-nio-8080-exec-3] DEBUG c.neu.vansven.mapper.UserMapper.selectPage_mpCount - ==>  Preparing: SELECT COUNT(*) AS total FROM user WHERE is_delete = 0
2024-05-11 16:19:27.889 [http-nio-8080-exec-3] DEBUG c.neu.vansven.mapper.UserMapper.selectPage_mpCount - ==> Parameters: 
2024-05-11 16:19:28.032 [http-nio-8080-exec-3] DEBUG c.neu.vansven.mapper.UserMapper.selectPage_mpCount - <==      Total: 1
2024-05-11 16:19:28.033 [http-nio-8080-exec-3] DEBUG com.neu.vansven.mapper.UserMapper.selectPage - ==>  Preparing: SELECT id,user_name,user_account,avatar_url,gender,password,phone,email,create_time,update_time,is_delete,user_role,tags FROM user WHERE is_delete=0 LIMIT ?
2024-05-11 16:19:28.033 [http-nio-8080-exec-3] DEBUG com.neu.vansven.mapper.UserMapper.selectPage - ==> Parameters: 20(Long)
2024-05-11 16:19:28.037 [http-nio-8080-exec-3] DEBUG com.neu.vansven.mapper.UserMapper.selectPage - <==      Total: 20
2024-05-11 16:20:32.413 [http-nio-8080-exec-2] DEBUG c.neu.vansven.mapper.UserMapper.selectPage_mpCount - ==>  Preparing: SELECT COUNT(*) AS total FROM user WHERE is_delete = 0
2024-05-11 16:20:32.413 [http-nio-8080-exec-2] DEBUG c.neu.vansven.mapper.UserMapper.selectPage_mpCount - ==> Parameters: 
2024-05-11 16:20:32.539 [http-nio-8080-exec-2] DEBUG c.neu.vansven.mapper.UserMapper.selectPage_mpCount - <==      Total: 1
2024-05-11 16:20:32.540 [http-nio-8080-exec-2] DEBUG com.neu.vansven.mapper.UserMapper.selectPage - ==>  Preparing: SELECT id,user_name,user_account,avatar_url,gender,password,phone,email,create_time,update_time,is_delete,user_role,tags FROM user WHERE is_delete=0 LIMIT ?
2024-05-11 16:20:32.540 [http-nio-8080-exec-2] DEBUG com.neu.vansven.mapper.UserMapper.selectPage - ==> Parameters: 100(Long)
2024-05-11 16:20:32.550 [http-nio-8080-exec-2] DEBUG com.neu.vansven.mapper.UserMapper.selectPage - <==      Total: 100
2024-05-11 16:22:15.006 [pool-3-thread-1] ERROR com.neu.vansven.utils.TimedTask - docacheError
java.lang.InterruptedException: sleep interrupted
	at java.lang.Thread.sleep(Native Method)
	at com.neu.vansven.utils.TimedTask.doPreCache(TimedTask.java:48)
	at sun.reflect.NativeMethodAccessorImpl.invoke0(Native Method)
	at sun.reflect.NativeMethodAccessorImpl.invoke(NativeMethodAccessorImpl.java:62)
	at sun.reflect.DelegatingMethodAccessorImpl.invoke(DelegatingMethodAccessorImpl.java:43)
	at java.lang.reflect.Method.invoke(Method.java:498)
	at org.springframework.scheduling.support.ScheduledMethodRunnable.run(ScheduledMethodRunnable.java:84)
	at org.springframework.scheduling.support.DelegatingErrorHandlingRunnable.run(DelegatingErrorHandlingRunnable.java:54)
	at org.springframework.scheduling.concurrent.ReschedulingRunnable.run(ReschedulingRunnable.java:95)
	at java.util.concurrent.Executors$RunnableAdapter.call(Executors.java:511)
	at java.util.concurrent.FutureTask.run$$$capture(FutureTask.java:266)
	at java.util.concurrent.FutureTask.run(FutureTask.java)
	at java.util.concurrent.ScheduledThreadPoolExecutor$ScheduledFutureTask.access$201(ScheduledThreadPoolExecutor.java:180)
	at java.util.concurrent.ScheduledThreadPoolExecutor$ScheduledFutureTask.run(ScheduledThreadPoolExecutor.java:293)
	at java.util.concurrent.ThreadPoolExecutor.runWorker(ThreadPoolExecutor.java:1149)
	at java.util.concurrent.ThreadPoolExecutor$Worker.run(ThreadPoolExecutor.java:624)
	at java.lang.Thread.run(Thread.java:750)
2024-05-11 16:22:30.072 [SpringApplicationShutdownHook] INFO  com.zaxxer.hikari.HikariDataSource - HikariPool-1 - Shutdown initiated...
2024-05-11 16:22:30.086 [SpringApplicationShutdownHook] INFO  com.zaxxer.hikari.HikariDataSource - HikariPool-1 - Shutdown completed.
